<?xml version="1.0" encoding="UTF-8"?>
<!-- Generated by org.testng.reporters.JUnitReportReporter -->
<testsuite skipped="0" hostname="PUN-RRODE01" name="WebDriverMaven" tests="1" failures="0" timestamp="08 Nov 2020 15:23:52 GMT" time="4.916" errors="0">
  <testcase name="login" time="4.916" classname="WebDriverMaven"/>
</testsuite> <!-- WebDriverMaven -->
