<?xml version="1.0" encoding="UTF-8"?>
<!-- Generated by org.testng.reporters.JUnitReportReporter -->
<testsuite skipped="0" hostname="PUN-RRODE01" name="testcases.TestParallelDataProviderThreadLocal" tests="2" failures="0" timestamp="17 Oct 2020 13:50:05 GMT" time="49.937" errors="0">
  <testcase name="testBrowser" time="21.916" classname="testcases.TestParallelDataProviderThreadLocal"/>
  <testcase name="testBrowser" time="28.021" classname="testcases.TestParallelDataProviderThreadLocal"/>
</testsuite> <!-- testcases.TestParallelDataProviderThreadLocal -->
