<?xml version="1.0" encoding="UTF-8"?>
<!-- Generated by org.testng.reporters.JUnitReportReporter -->
<testsuite skipped="0" hostname="PUN-RRODE01" name="testcases.TestParametersXML" tests="2" failures="0" timestamp="17 Oct 2020 05:11:05 GMT" time="58.189" errors="0">
  <testcase name="testBrowser" time="34.668" classname="testcases.TestParametersXML"/>
  <testcase name="testBrowser" time="23.521" classname="testcases.TestParametersXML"/>
</testsuite> <!-- testcases.TestParametersXML -->
