<?xml version="1.0" encoding="UTF-8"?>
<!-- Generated by org.testng.reporters.JUnitReportReporter -->
<testsuite skipped="0" hostname="PUN-RRODE01" name="testcases.TestParallelDataProvider" tests="2" failures="0" timestamp="17 Oct 2020 12:08:44 GMT" time="42.028" errors="0">
  <testcase name="testBrowser" time="20.680" classname="testcases.TestParallelDataProvider"/>
  <testcase name="testBrowser" time="21.348" classname="testcases.TestParallelDataProvider"/>
</testsuite> <!-- testcases.TestParallelDataProvider -->
