<?xml version="1.0" encoding="UTF-8"?>
<!-- Generated by org.testng.reporters.JUnitReportReporter -->
<testsuite skipped="0" hostname="PUN-RRODE01" name="TestRunner2" tests="1" failures="0" timestamp="2020-04-28T20:10:07 IST" time="12.245" errors="0">
  <testcase name="singleTest" time="12.245" classname="TestRunner2"/>
</testsuite> <!-- TestRunner2 -->
