<?xml version="1.0" encoding="UTF-8"?>
<!-- Generated by org.testng.reporters.JUnitReportReporter -->
<testsuite skipped="0" hostname="PUN-RRODE01" name="soap.TestRunner2" tests="1" failures="0" timestamp="2020-05-02T08:27:41 IST" time="0.071" errors="0">
  <testcase name="singleTest" time="0.071" classname="soap.TestRunner2"/>
</testsuite> <!-- soap.TestRunner2 -->
