<?xml version="1.0" encoding="UTF-8"?>
<!-- Generated by org.testng.reporters.JUnitReportReporter -->
<testsuite skipped="0" hostname="PUN-RRODE01" name="RestAPIRunner2" tests="1" failures="0" timestamp="2020-04-30T09:07:55 IST" time="22.609" errors="0">
  <testcase name="singleTest" time="22.609" classname="RestAPIRunner2"/>
</testsuite> <!-- RestAPIRunner2 -->
