<?xml version="1.0" encoding="UTF-8"?>
<!-- Generated by org.testng.reporters.JUnitReportReporter -->
<testsuite skipped="0" hostname="PUN-RRODE01" name="rest.RestAPIRunner2" tests="1" failures="0" timestamp="2020-05-02T08:27:41 IST" time="0.199" errors="0">
  <testcase name="singleTest" time="0.199" classname="rest.RestAPIRunner2"/>
</testsuite> <!-- rest.RestAPIRunner2 -->
