<?xml version="1.0" encoding="UTF-8"?>
<!-- Generated by org.testng.reporters.JUnitReportReporter -->
<testsuite skipped="0" hostname="PUN-RRODE01" name="soap.TestRunner" tests="1" failures="0" timestamp="2020-05-02T08:27:41 IST" time="2.889" errors="0">
  <testcase name="SoapTest" time="2.889" classname="soap.TestRunner"/>
</testsuite> <!-- soap.TestRunner -->
