<?xml version="1.0" encoding="UTF-8"?>
<!-- Generated by org.testng.reporters.JUnitReportReporter -->
<testsuite skipped="0" hostname="PUN-RRODE01" name="TestRunner" tests="1" failures="0" timestamp="2020-04-28T20:37:34 IST" time="14.184" errors="0">
  <testcase name="SoapTest" time="14.184" classname="TestRunner"/>
</testsuite> <!-- TestRunner -->
