<?xml version="1.0" encoding="UTF-8"?>
<!-- Generated by org.testng.reporters.JUnitReportReporter -->
<testsuite skipped="0" hostname="PUN-RRODE01" name="paralleltest.TestDataProviderParallel" tests="2" failures="0" timestamp="2020-08-29T18:04:44 IST" time="0.093" errors="0">
  <testcase name="doLogin" time="0.046" classname="paralleltest.TestDataProviderParallel"/>
  <system-out/>
  <testcase name="doLogin" time="0.047" classname="paralleltest.TestDataProviderParallel"/>
  <system-out/>
</testsuite> <!-- paralleltest.TestDataProviderParallel -->
