<?xml version="1.0" encoding="UTF-8"?>
<!-- Generated by org.testng.reporters.JUnitReportReporter -->
<testsuite skipped="0" hostname="PUN-RRODE01" name="parameterization.NewLoginTest" tests="4" failures="0" timestamp="21 Aug 2020 01:51:50 GMT" time="0.025" errors="0">
  <testcase name="testUserLogin" time="0.004" classname="parameterization.NewLoginTest"/>
  <testcase name="testUserReg" time="0.005" classname="parameterization.NewLoginTest"/>
  <testcase name="testUserReg" time="0.002" classname="parameterization.NewLoginTest"/>
  <testcase name="testUserLogin" time="0.014" classname="parameterization.NewLoginTest"/>
</testsuite> <!-- parameterization.NewLoginTest -->
