<?xml version="1.0" encoding="UTF-8"?>
<!-- Generated by org.testng.reporters.JUnitReportReporter -->
<testsuite skipped="0" hostname="PUN-RRODE01" name="parameterization.TestParameterizationExcel" tests="3" failures="0" timestamp="19 Aug 2020 04:35:37 GMT" time="0.038" errors="0">
  <testcase name="doLogin" time="0.007" classname="parameterization.TestParameterizationExcel"/>
  <testcase name="doLogin" time="0.026" classname="parameterization.TestParameterizationExcel"/>
  <testcase name="doLogin" time="0.005" classname="parameterization.TestParameterizationExcel"/>
</testsuite> <!-- parameterization.TestParameterizationExcel -->
