<?xml version="1.0" encoding="UTF-8"?>
<!-- Generated by org.testng.reporters.JUnitReportReporter -->
<testsuite skipped="0" hostname="PUN-RRODE01" name="regression.TestCase1" tests="2" failures="0" timestamp="2020-08-29T14:37:03 IST" time="0.037" errors="0">
  <testcase name="doUserReg" time="0.023" classname="regression.TestCase1"/>
  <system-out/>
  <testcase name="doLogin" time="0.014" classname="regression.TestCase1"/>
  <system-out/>
</testsuite> <!-- regression.TestCase1 -->
