<?xml version="1.0" encoding="UTF-8"?>
<!-- Generated by org.testng.reporters.JUnitReportReporter -->
<testsuite skipped="0" hostname="PUN-RRODE01" name="parameterization.TestParameterizationXML" tests="2" failures="0" timestamp="2020-08-24T09:46:20 IST" time="0.052" errors="0">
  <testcase name="testLogin" time="0.045" classname="parameterization.TestParameterizationXML"/>
  <system-out/>
  <testcase name="testLogin" time="0.007" classname="parameterization.TestParameterizationXML"/>
  <system-out/>
</testsuite> <!-- parameterization.TestParameterizationXML -->
