<?xml version="1.0" encoding="UTF-8"?>
<!-- Generated by org.testng.reporters.JUnitReportReporter -->
<testsuite skipped="0" hostname="PUN-RRODE01" name="paralleltest.TestBrowser" tests="1" failures="0" timestamp="2020-08-24T10:38:09 IST" time="2.105" errors="0">
  <testcase name="doLogin" time="2.105" classname="paralleltest.TestBrowser"/>
  <system-out/>
</testsuite> <!-- paralleltest.TestBrowser -->
