<?xml version="1.0" encoding="UTF-8"?>
<!-- Generated by org.testng.reporters.JUnitReportReporter -->
<testsuite skipped="0" hostname="PUN-RRODE01" name="parameterization.Test13Aug" tests="2" failures="0" timestamp="13 Aug 2020 06:23:05 GMT" time="0.020" errors="0">
  <testcase name="testMethod2" time="0.002" classname="parameterization.Test13Aug"/>
  <testcase name="testMethod1" time="0.018" classname="parameterization.Test13Aug"/>
</testsuite> <!-- parameterization.Test13Aug -->
