<?xml version="1.0" encoding="UTF-8"?>
<!-- Generated by org.testng.reporters.JUnitReportReporter -->
<testsuite skipped="1" hostname="PUN-RRODE01" name="testcases.TestCaseSkip" tests="1" failures="0" timestamp="07 Aug 2020 04:19:03 GMT" time="0.041" errors="0">
  <testcase name="skipTestcase" time="0.041" classname="testcases.TestCaseSkip">
    <skipped/>
  </testcase> <!-- skipTestcase -->
</testsuite> <!-- testcases.TestCaseSkip -->
