<?xml version="1.0" encoding="UTF-8"?>
<!-- Generated by org.testng.reporters.JUnitReportReporter -->
<testsuite skipped="0" hostname="PUN-RRODE01" name="testcases.TestCase1" tests="2" failures="0" timestamp="2020-09-03T11:45:07 IST" time="0.077" errors="0">
  <testcase name="doUserReg" time="0.039" classname="testcases.TestCase1"/>
  <system-out/>
  <testcase name="doLogin" time="0.038" classname="testcases.TestCase1"/>
  <system-out/>
</testsuite> <!-- testcases.TestCase1 -->
