<?xml version="1.0" encoding="UTF-8"?>
<!-- Generated by org.testng.reporters.JUnitReportReporter -->
<testsuite skipped="0" hostname="PUN-RRODE01" name="parameterization.TestParameterization" tests="3" failures="0" timestamp="2020-08-28T07:33:18 IST" time="0.024" errors="0">
  <testcase name="doLogin" time="0.004" classname="parameterization.TestParameterization"/>
  <system-out/>
  <testcase name="doLogin" time="0.007" classname="parameterization.TestParameterization"/>
  <system-out/>
  <testcase name="doLogin" time="0.013" classname="parameterization.TestParameterization"/>
  <system-out/>
</testsuite> <!-- parameterization.TestParameterization -->
