<?xml version="1.0" encoding="UTF-8"?>
<!-- Generated by org.testng.reporters.JUnitReportReporter -->
<testsuite skipped="0" hostname="PUN-RRODE01" name="parameterization.DataProviders" tests="2" failures="0" timestamp="21 Aug 2020 01:25:57 GMT" time="0.020" errors="0">
  <testcase name="testUserLogin" time="0.018" classname="parameterization.DataProviders"/>
  <testcase name="testUserLogin" time="0.002" classname="parameterization.DataProviders"/>
</testsuite> <!-- parameterization.DataProviders -->
