<?xml version="1.0" encoding="UTF-8"?>
<!-- Generated by org.testng.reporters.JUnitReportReporter -->
<testsuite skipped="0" hostname="PUN-RRODE01" name="paralleltest.TestInvocationCount" tests="5" failures="0" timestamp="2020-08-29T21:43:57 IST" time="49.513" errors="0">
  <testcase name="executeTest" time="13.952" classname="paralleltest.TestInvocationCount"/>
  <system-out/>
  <testcase name="executeTest" time="9.484" classname="paralleltest.TestInvocationCount"/>
  <system-out/>
  <testcase name="executeTest" time="8.553" classname="paralleltest.TestInvocationCount"/>
  <system-out/>
  <testcase name="executeTest" time="8.943" classname="paralleltest.TestInvocationCount"/>
  <system-out/>
  <testcase name="executeTest" time="8.581" classname="paralleltest.TestInvocationCount"/>
  <system-out/>
</testsuite> <!-- paralleltest.TestInvocationCount -->
